0 info it worked if it ends with ok
1 verbose cli [ 'c:\\Program Files\\nodejs\\node.exe',
1 verbose cli   'c:\\Program Files\\nodejs\\node_modules\\npm\\bin\\npm-cli.js',
1 verbose cli   'install',
1 verbose cli   'voxel-oculus-vr',
1 verbose cli   '--save-dev' ]
2 info using npm@1.3.14
3 info using node@v0.10.22
4 warn package.json Painter-WebGL@0.0.0 No repository field.
5 verbose readDependencies using package.json deps
6 verbose cache add [ 'voxel-oculus-vr', null ]
7 verbose cache add name=undefined spec="voxel-oculus-vr" args=["voxel-oculus-vr",null]
8 verbose parsed url { protocol: null,
8 verbose parsed url   slashes: null,
8 verbose parsed url   auth: null,
8 verbose parsed url   host: null,
8 verbose parsed url   port: null,
8 verbose parsed url   hostname: null,
8 verbose parsed url   hash: null,
8 verbose parsed url   search: null,
8 verbose parsed url   query: null,
8 verbose parsed url   pathname: 'voxel-oculus-vr',
8 verbose parsed url   path: 'voxel-oculus-vr',
8 verbose parsed url   href: 'voxel-oculus-vr' }
9 silly lockFile 93c1eb28-voxel-oculus-vr voxel-oculus-vr
10 verbose lock voxel-oculus-vr C:\Users\gameblaster64\AppData\Roaming\npm-cache\93c1eb28-voxel-oculus-vr.lock
11 silly lockFile 93c1eb28-voxel-oculus-vr voxel-oculus-vr
12 silly lockFile 93c1eb28-voxel-oculus-vr voxel-oculus-vr
13 verbose addNamed [ 'voxel-oculus-vr', '' ]
14 verbose addNamed [ null, '*' ]
15 silly lockFile b1a411fc-voxel-oculus-vr voxel-oculus-vr@
16 verbose lock voxel-oculus-vr@ C:\Users\gameblaster64\AppData\Roaming\npm-cache\b1a411fc-voxel-oculus-vr.lock
17 silly addNameRange { name: 'voxel-oculus-vr', range: '*', hasData: false }
18 verbose url raw voxel-oculus-vr
19 verbose url resolving [ 'https://registry.npmjs.org/', './voxel-oculus-vr' ]
20 verbose url resolved https://registry.npmjs.org/voxel-oculus-vr
21 info trying registry request attempt 1 at 14:17:25
22 http GET https://registry.npmjs.org/voxel-oculus-vr
23 http 404 https://registry.npmjs.org/voxel-oculus-vr
24 silly registry.get cb [ 404,
24 silly registry.get   { server: 'CouchDB/1.5.0 (Erlang OTP/R15B03)',
24 silly registry.get     date: 'Sun, 17 Nov 2013 19:17:19 GMT',
24 silly registry.get     'content-type': 'application/json',
24 silly registry.get     'content-length': '52',
24 silly registry.get     'cache-control': 'must-revalidate' } ]
25 silly lockFile b1a411fc-voxel-oculus-vr voxel-oculus-vr@
26 silly lockFile b1a411fc-voxel-oculus-vr voxel-oculus-vr@
27 error 404 'voxel-oculus-vr' is not in the npm registry.
27 error 404 You should bug the author to publish it
27 error 404
27 error 404 Note that you can also install from a
27 error 404 tarball, folder, or http url, or git url.
28 error System Windows_NT 6.1.7601
29 error command "c:\\Program Files\\nodejs\\node.exe" "c:\\Program Files\\nodejs\\node_modules\\npm\\bin\\npm-cli.js" "install" "voxel-oculus-vr" "--save-dev"
30 error cwd c:\wamp\www\voxel-painter
31 error node -v v0.10.22
32 error npm -v 1.3.14
33 error code E404
34 verbose exit [ 1, true ]
